0 info it worked if it ends with ok
1 verbose cli [ 'node', '/usr/local/bin/npm', 'install' ]
2 info using npm@2.0.0
3 info using node@v0.10.32
4 verbose readDependencies using package.json deps
5 verbose install where, deps [ '/Users/mlannin23/Google Drive/Sites/login-counter',
5 verbose install   [ 'body-parser',
5 verbose install     'composable-middleware',
5 verbose install     'compression',
5 verbose install     'connect-livereload',
5 verbose install     'connect-mongo',
5 verbose install     'cookie-parser',
5 verbose install     'ejs',
5 verbose install     'errorhandler',
5 verbose install     'express',
5 verbose install     'express-session',
5 verbose install     'lodash',
5 verbose install     'method-override',
5 verbose install     'mocha',
5 verbose install     'mongoose',
5 verbose install     'morgan',
5 verbose install     'serve-favicon',
5 verbose install     'should',
5 verbose install     'supertest',
5 verbose install     'grunt',
5 verbose install     'grunt-angular-templates',
5 verbose install     'grunt-asset-injector',
5 verbose install     'grunt-autoprefixer',
5 verbose install     'grunt-build-control',
5 verbose install     'grunt-concurrent',
5 verbose install     'grunt-contrib-clean',
5 verbose install     'grunt-contrib-concat',
5 verbose install     'grunt-contrib-copy',
5 verbose install     'grunt-contrib-cssmin',
5 verbose install     'grunt-contrib-htmlmin',
5 verbose install     'grunt-contrib-imagemin',
5 verbose install     'grunt-contrib-jshint',
5 verbose install     'grunt-contrib-sass',
5 verbose install     'grunt-contrib-uglify',
5 verbose install     'grunt-contrib-watch',
5 verbose install     'grunt-dom-munger',
5 verbose install     'grunt-env',
5 verbose install     'grunt-express-server',
5 verbose install     'grunt-google-cdn',
5 verbose install     'grunt-karma',
5 verbose install     'grunt-mocha-test',
5 verbose install     'grunt-newer',
5 verbose install     'grunt-ng-annotate',
5 verbose install     'grunt-node-inspector',
5 verbose install     'grunt-nodemon',
5 verbose install     'grunt-open',
5 verbose install     'grunt-protractor-runner',
5 verbose install     'grunt-rev',
5 verbose install     'grunt-svgmin',
5 verbose install     'grunt-usemin',
5 verbose install     'grunt-wiredep',
5 verbose install     'jit-grunt',
5 verbose install     'jshint-stylish',
5 verbose install     'karma',
5 verbose install     'karma-chrome-launcher',
5 verbose install     'karma-coffee-preprocessor',
5 verbose install     'karma-firefox-launcher',
5 verbose install     'karma-html2js-preprocessor',
5 verbose install     'karma-jade-preprocessor',
5 verbose install     'karma-jasmine',
5 verbose install     'karma-ng-html2js-preprocessor',
5 verbose install     'karma-ng-jade2js-preprocessor',
5 verbose install     'karma-ng-scenario',
5 verbose install     'karma-phantomjs-launcher',
5 verbose install     'karma-requirejs',
5 verbose install     'karma-script-launcher',
5 verbose install     'open',
5 verbose install     'requirejs',
5 verbose install     'time-grunt' ] ]
6 info preinstall login-counter2@0.0.0
7 warn package.json karma-chrome-launcher@0.1.5 No README data
8 verbose readDependencies using package.json deps
9 verbose already installed skipping should@~3.3.1 /Users/mlannin23/Google Drive/Sites/login-counter
10 verbose already installed skipping supertest@~0.11.0 /Users/mlannin23/Google Drive/Sites/login-counter
11 verbose already installed skipping grunt@~0.4.4 /Users/mlannin23/Google Drive/Sites/login-counter
12 verbose already installed skipping grunt-angular-templates@^0.5.4 /Users/mlannin23/Google Drive/Sites/login-counter
13 verbose already installed skipping grunt-asset-injector@^0.1.0 /Users/mlannin23/Google Drive/Sites/login-counter
14 verbose already installed skipping grunt-autoprefixer@~0.7.2 /Users/mlannin23/Google Drive/Sites/login-counter
15 verbose cache add [ 'grunt-build-control@git+https://github.com/DaftMonk/grunt-build-control',
15 verbose cache add   null ]
16 verbose cache add spec="grunt-build-control@git+https://github.com/DaftMonk/grunt-build-control" args=["grunt-build-control@git+https://github.com/DaftMonk/grunt-build-control",null]
17 verbose parsed spec { raw: 'grunt-build-control@git+https://github.com/DaftMonk/grunt-build-control',
17 verbose parsed spec   scope: null,
17 verbose parsed spec   name: 'grunt-build-control',
17 verbose parsed spec   rawSpec: 'git+https://github.com/DaftMonk/grunt-build-control',
17 verbose parsed spec   spec: 'https://github.com/DaftMonk/grunt-build-control',
17 verbose parsed spec   type: 'git' }
18 verbose already installed skipping grunt-concurrent@~0.5.0 /Users/mlannin23/Google Drive/Sites/login-counter
19 verbose parsed spec { raw: 'grunt-build-control@git+https://github.com/DaftMonk/grunt-build-control',
19 verbose parsed spec   scope: null,
19 verbose parsed spec   name: 'grunt-build-control',
19 verbose parsed spec   rawSpec: 'git+https://github.com/DaftMonk/grunt-build-control',
19 verbose parsed spec   spec: 'https://github.com/DaftMonk/grunt-build-control',
19 verbose parsed spec   type: 'git' }
20 verbose addRemoteGit u="https://github.com/DaftMonk/grunt-build-control" silent=false
21 silly addRemoteGit parsed { protocol: 'https:',
21 silly addRemoteGit   slashes: true,
21 silly addRemoteGit   auth: null,
21 silly addRemoteGit   host: 'github.com',
21 silly addRemoteGit   port: null,
21 silly addRemoteGit   hostname: 'github.com',
21 silly addRemoteGit   hash: null,
21 silly addRemoteGit   search: '',
21 silly addRemoteGit   query: {},
21 silly addRemoteGit   pathname: '/DaftMonk/grunt-build-control',
21 silly addRemoteGit   path: '/DaftMonk/grunt-build-control',
21 silly addRemoteGit   href: 'https://github.com/DaftMonk/grunt-build-control' }
22 verbose already installed skipping grunt-contrib-clean@~0.5.0 /Users/mlannin23/Google Drive/Sites/login-counter
23 silly lockFile 7e4d577b-com-DaftMonk-grunt-build-control https://github.com/DaftMonk/grunt-build-control
24 verbose lock https://github.com/DaftMonk/grunt-build-control /Users/mlannin23/.npm/7e4d577b-com-DaftMonk-grunt-build-control.lock
25 verbose already installed skipping grunt-contrib-concat@~0.4.0 /Users/mlannin23/Google Drive/Sites/login-counter
26 verbose already installed skipping grunt-contrib-copy@~0.5.0 /Users/mlannin23/Google Drive/Sites/login-counter
27 verbose addRemoteGit [ 'https://github.com/DaftMonk/grunt-build-control', 'master' ]
28 verbose already installed skipping grunt-contrib-cssmin@~0.9.0 /Users/mlannin23/Google Drive/Sites/login-counter
29 verbose already installed skipping grunt-contrib-htmlmin@~0.2.0 /Users/mlannin23/Google Drive/Sites/login-counter
30 verbose already installed skipping grunt-contrib-imagemin@~0.7.1 /Users/mlannin23/Google Drive/Sites/login-counter
31 verbose already installed skipping grunt-contrib-jshint@~0.10.0 /Users/mlannin23/Google Drive/Sites/login-counter
32 verbose already installed skipping grunt-contrib-sass@^0.7.3 /Users/mlannin23/Google Drive/Sites/login-counter
33 verbose already installed skipping grunt-contrib-uglify@~0.4.0 /Users/mlannin23/Google Drive/Sites/login-counter
34 verbose already installed skipping grunt-contrib-watch@~0.6.1 /Users/mlannin23/Google Drive/Sites/login-counter
35 verbose already installed skipping grunt-dom-munger@^3.4.0 /Users/mlannin23/Google Drive/Sites/login-counter
36 verbose already installed skipping grunt-env@~0.4.1 /Users/mlannin23/Google Drive/Sites/login-counter
37 verbose already installed skipping grunt-express-server@~0.4.17 /Users/mlannin23/Google Drive/Sites/login-counter
38 verbose already installed skipping grunt-google-cdn@~0.4.0 /Users/mlannin23/Google Drive/Sites/login-counter
39 verbose already installed skipping grunt-karma@~0.8.2 /Users/mlannin23/Google Drive/Sites/login-counter
40 verbose already installed skipping grunt-mocha-test@~0.10.2 /Users/mlannin23/Google Drive/Sites/login-counter
41 verbose already installed skipping grunt-newer@~0.7.0 /Users/mlannin23/Google Drive/Sites/login-counter
42 verbose already installed skipping grunt-ng-annotate@^0.2.3 /Users/mlannin23/Google Drive/Sites/login-counter
43 verbose already installed skipping grunt-node-inspector@~0.1.5 /Users/mlannin23/Google Drive/Sites/login-counter
44 verbose already installed skipping grunt-nodemon@~0.2.0 /Users/mlannin23/Google Drive/Sites/login-counter
45 verbose already installed skipping grunt-open@~0.2.3 /Users/mlannin23/Google Drive/Sites/login-counter
46 verbose already installed skipping grunt-protractor-runner@^1.1.0 /Users/mlannin23/Google Drive/Sites/login-counter
47 verbose already installed skipping grunt-rev@~0.1.0 /Users/mlannin23/Google Drive/Sites/login-counter
48 verbose already installed skipping grunt-svgmin@~0.4.0 /Users/mlannin23/Google Drive/Sites/login-counter
49 verbose already installed skipping grunt-usemin@~2.1.1 /Users/mlannin23/Google Drive/Sites/login-counter
50 verbose already installed skipping grunt-wiredep@~1.8.0 /Users/mlannin23/Google Drive/Sites/login-counter
51 verbose already installed skipping jit-grunt@^0.5.0 /Users/mlannin23/Google Drive/Sites/login-counter
52 verbose already installed skipping jshint-stylish@~0.1.5 /Users/mlannin23/Google Drive/Sites/login-counter
53 verbose already installed skipping karma@~0.12.9 /Users/mlannin23/Google Drive/Sites/login-counter
54 verbose already installed skipping karma-chrome-launcher@~0.1.3 /Users/mlannin23/Google Drive/Sites/login-counter
55 verbose already installed skipping karma-coffee-preprocessor@~0.2.1 /Users/mlannin23/Google Drive/Sites/login-counter
56 verbose already installed skipping karma-firefox-launcher@~0.1.3 /Users/mlannin23/Google Drive/Sites/login-counter
57 verbose already installed skipping karma-html2js-preprocessor@~0.1.0 /Users/mlannin23/Google Drive/Sites/login-counter
58 verbose already installed skipping karma-jade-preprocessor@0.0.11 /Users/mlannin23/Google Drive/Sites/login-counter
59 verbose already installed skipping karma-jasmine@~0.1.5 /Users/mlannin23/Google Drive/Sites/login-counter
60 verbose already installed skipping karma-ng-html2js-preprocessor@~0.1.0 /Users/mlannin23/Google Drive/Sites/login-counter
61 verbose already installed skipping karma-ng-jade2js-preprocessor@^0.1.2 /Users/mlannin23/Google Drive/Sites/login-counter
62 verbose already installed skipping karma-ng-scenario@~0.1.0 /Users/mlannin23/Google Drive/Sites/login-counter
63 verbose already installed skipping karma-phantomjs-launcher@~0.1.4 /Users/mlannin23/Google Drive/Sites/login-counter
64 verbose already installed skipping karma-requirejs@~0.2.1 /Users/mlannin23/Google Drive/Sites/login-counter
65 verbose already installed skipping karma-script-launcher@~0.1.0 /Users/mlannin23/Google Drive/Sites/login-counter
66 verbose already installed skipping open@~0.0.4 /Users/mlannin23/Google Drive/Sites/login-counter
67 verbose already installed skipping requirejs@~2.1.11 /Users/mlannin23/Google Drive/Sites/login-counter
68 verbose already installed skipping time-grunt@~0.3.1 /Users/mlannin23/Google Drive/Sites/login-counter
69 verbose already installed skipping body-parser@~1.5.0 /Users/mlannin23/Google Drive/Sites/login-counter
70 verbose already installed skipping composable-middleware@^0.3.0 /Users/mlannin23/Google Drive/Sites/login-counter
71 verbose already installed skipping compression@~1.0.1 /Users/mlannin23/Google Drive/Sites/login-counter
72 verbose already installed skipping connect-livereload@~0.4.0 /Users/mlannin23/Google Drive/Sites/login-counter
73 verbose already installed skipping connect-mongo@^0.4.1 /Users/mlannin23/Google Drive/Sites/login-counter
74 verbose already installed skipping cookie-parser@~1.0.1 /Users/mlannin23/Google Drive/Sites/login-counter
75 verbose already installed skipping ejs@~0.8.4 /Users/mlannin23/Google Drive/Sites/login-counter
76 verbose already installed skipping errorhandler@~1.0.0 /Users/mlannin23/Google Drive/Sites/login-counter
77 verbose already installed skipping express@~4.0.0 /Users/mlannin23/Google Drive/Sites/login-counter
78 verbose already installed skipping express-session@~1.0.2 /Users/mlannin23/Google Drive/Sites/login-counter
79 verbose already installed skipping lodash@~2.4.1 /Users/mlannin23/Google Drive/Sites/login-counter
80 verbose already installed skipping method-override@~1.0.0 /Users/mlannin23/Google Drive/Sites/login-counter
81 verbose already installed skipping mocha@^1.21.4 /Users/mlannin23/Google Drive/Sites/login-counter
82 verbose already installed skipping mongoose@~3.8.8 /Users/mlannin23/Google Drive/Sites/login-counter
83 verbose already installed skipping morgan@~1.0.0 /Users/mlannin23/Google Drive/Sites/login-counter
84 verbose already installed skipping serve-favicon@~2.0.1 /Users/mlannin23/Google Drive/Sites/login-counter
85 verbose git remote.origin.url https://github.com/DaftMonk/grunt-build-control
86 error git fetch -a origin (https://github.com/DaftMonk/grunt-build-control) fatal: unable to access 'https://github.com/DaftMonk/grunt-build-control/': Failed connect to github.com:443; Operation timed out
87 silly lockFile 7e4d577b-com-DaftMonk-grunt-build-control https://github.com/DaftMonk/grunt-build-control
88 silly lockFile 7e4d577b-com-DaftMonk-grunt-build-control https://github.com/DaftMonk/grunt-build-control
89 verbose stack Error: Command failed: fatal: unable to access 'https://github.com/DaftMonk/grunt-build-control/': Failed connect to github.com:443; Operation timed out
89 verbose stack
89 verbose stack     at ChildProcess.exithandler (child_process.js:648:15)
89 verbose stack     at ChildProcess.emit (events.js:98:17)
89 verbose stack     at maybeClose (child_process.js:756:16)
89 verbose stack     at Socket.<anonymous> (child_process.js:969:11)
89 verbose stack     at Socket.emit (events.js:95:17)
89 verbose stack     at Pipe.close (net.js:465:12)
90 verbose cwd /Users/mlannin23/Google Drive/Sites/login-counter
91 error Darwin 13.4.0
92 error argv "node" "/usr/local/bin/npm" "install"
93 error node v0.10.32
94 error npm  v2.0.0
95 error code 128
96 error Command failed: fatal: unable to access 'https://github.com/DaftMonk/grunt-build-control/': Failed connect to github.com:443; Operation timed out
97 error If you need help, you may report this error at:
97 error     <http://github.com/npm/npm/issues>
98 verbose exit [ 1, true ]
